<?xml version="1.0"?>
<!DOCTYPE coverage SYSTEM "http://cobertura.sourceforge.net/xml/coverage-04.dtd">
<coverage line-rate="0.8040201005025126" branch-rate="1.0000000000000000" lines-covered="160" lines-valid="199" branches-covered="0" branches-valid="0" complexity="0.0" timestamp="1502198419" version="Slather 2.4.2">
  <sources>
    <source>/Users/leosara/Documents/Personal/TMDbFramework</source>
  </sources>
  <packages>
    <package name="TMDbFramework.Classes" line-rate="0.8040201005025126" branch-rate="1.0000000000000000" complexity="0.0">
      <classes>
        <class name="TMDb" filename="TMDbFramework/Classes/TMDb.swift" line-rate="1.0000000000000000" branch-rate="1.0000000000000000" complexity="0.0">
          <methods/>
          <lines>
            <line number="24" branch="false" hits="1"/>
            <line number="25" branch="false" hits="1"/>
            <line number="26" branch="false" hits="1"/>
            <line number="27" branch="false" hits="1"/>
            <line number="28" branch="false" hits="1"/>
            <line number="29" branch="false" hits="1"/>
            <line number="31" branch="false" hits="9"/>
            <line number="32" branch="false" hits="9"/>
            <line number="33" branch="false" hits="9"/>
            <line number="34" branch="false" hits="3"/>
            <line number="35" branch="false" hits="3"/>
            <line number="36" branch="false" hits="3"/>
            <line number="37" branch="false" hits="3"/>
            <line number="38" branch="false" hits="3"/>
            <line number="39" branch="false" hits="3"/>
            <line number="40" branch="false" hits="9"/>
            <line number="41" branch="false" hits="9"/>
            <line number="43" branch="false" hits="2"/>
            <line number="44" branch="false" hits="2"/>
            <line number="45" branch="false" hits="1"/>
            <line number="46" branch="false" hits="1"/>
            <line number="47" branch="false" hits="2"/>
            <line number="48" branch="false" hits="2"/>
            <line number="49" branch="false" hits="2"/>
            <line number="50" branch="false" hits="2"/>
          </lines>
        </class>
        <class name="TMDbConfiguration" filename="TMDbFramework/Classes/TMDbConfiguration.swift" line-rate="0.0000000000000000" branch-rate="1.0000000000000000" complexity="0.0">
          <methods/>
          <lines>
            <line number="26" branch="false" hits="0"/>
            <line number="27" branch="false" hits="0"/>
            <line number="28" branch="false" hits="0"/>
            <line number="29" branch="false" hits="0"/>
            <line number="30" branch="false" hits="0"/>
            <line number="31" branch="false" hits="0"/>
            <line number="32" branch="false" hits="0"/>
            <line number="33" branch="false" hits="0"/>
            <line number="34" branch="false" hits="0"/>
            <line number="35" branch="false" hits="0"/>
            <line number="36" branch="false" hits="0"/>
            <line number="37" branch="false" hits="0"/>
          </lines>
        </class>
        <class name="TMDbConfigurationManager" filename="TMDbFramework/Classes/TMDbConfigurationManager.swift" line-rate="0.0000000000000000" branch-rate="1.0000000000000000" complexity="0.0">
          <methods/>
          <lines>
            <line number="15" branch="false" hits="0"/>
            <line number="16" branch="false" hits="0"/>
            <line number="17" branch="false" hits="0"/>
            <line number="18" branch="false" hits="0"/>
            <line number="19" branch="false" hits="0"/>
            <line number="20" branch="false" hits="0"/>
            <line number="21" branch="false" hits="0"/>
            <line number="22" branch="false" hits="0"/>
            <line number="23" branch="false" hits="0"/>
            <line number="24" branch="false" hits="0"/>
            <line number="25" branch="false" hits="0"/>
            <line number="26" branch="false" hits="0"/>
            <line number="27" branch="false" hits="0"/>
            <line number="28" branch="false" hits="0"/>
            <line number="29" branch="false" hits="0"/>
            <line number="30" branch="false" hits="0"/>
            <line number="31" branch="false" hits="0"/>
            <line number="32" branch="false" hits="0"/>
            <line number="33" branch="false" hits="0"/>
            <line number="34" branch="false" hits="0"/>
            <line number="35" branch="false" hits="0"/>
            <line number="36" branch="false" hits="0"/>
          </lines>
        </class>
        <class name="TMDbEnunsConsts" filename="TMDbFramework/Classes/TMDbEnunsConsts.swift" line-rate="1.0000000000000000" branch-rate="1.0000000000000000" complexity="0.0">
          <methods/>
          <lines>
            <line number="36" branch="false" hits="9"/>
            <line number="37" branch="false" hits="9"/>
            <line number="38" branch="false" hits="9"/>
            <line number="39" branch="false" hits="9"/>
            <line number="40" branch="false" hits="9"/>
          </lines>
        </class>
        <class name="TMDbGenre" filename="TMDbFramework/Classes/TMDbGenre.swift" line-rate="1.0000000000000000" branch-rate="1.0000000000000000" complexity="0.0">
          <methods/>
          <lines>
            <line number="17" branch="false" hits="19"/>
            <line number="18" branch="false" hits="19"/>
            <line number="19" branch="false" hits="19"/>
            <line number="20" branch="false" hits="19"/>
            <line number="21" branch="false" hits="19"/>
            <line number="22" branch="false" hits="19"/>
          </lines>
        </class>
        <class name="TMDbGenreManager" filename="TMDbFramework/Classes/TMDbGenreManager.swift" line-rate="0.9375000000000000" branch-rate="1.0000000000000000" complexity="0.0">
          <methods/>
          <lines>
            <line number="17" branch="false" hits="2"/>
            <line number="18" branch="false" hits="2"/>
            <line number="19" branch="false" hits="1"/>
            <line number="20" branch="false" hits="1"/>
            <line number="21" branch="false" hits="2"/>
            <line number="22" branch="false" hits="1"/>
            <line number="23" branch="false" hits="2"/>
            <line number="24" branch="false" hits="2"/>
            <line number="26" branch="false" hits="2"/>
            <line number="27" branch="false" hits="20"/>
            <line number="28" branch="false" hits="1"/>
            <line number="29" branch="false" hits="1"/>
            <line number="30" branch="false" hits="19"/>
            <line number="31" branch="false" hits="1"/>
            <line number="32" branch="false" hits="1"/>
            <line number="33" branch="false" hits="1"/>
            <line number="34" branch="false" hits="2"/>
            <line number="36" branch="false" hits="1"/>
            <line number="37" branch="false" hits="1"/>
            <line number="38" branch="false" hits="1"/>
            <line number="39" branch="false" hits="1"/>
            <line number="40" branch="false" hits="1"/>
            <line number="41" branch="false" hits="1"/>
            <line number="42" branch="false" hits="1"/>
            <line number="43" branch="false" hits="1"/>
            <line number="44" branch="false" hits="1"/>
            <line number="45" branch="false" hits="1"/>
            <line number="46" branch="false" hits="1"/>
            <line number="47" branch="false" hits="1"/>
            <line number="48" branch="false" hits="1"/>
            <line number="49" branch="false" hits="1"/>
            <line number="50" branch="false" hits="1"/>
            <line number="51" branch="false" hits="1"/>
            <line number="52" branch="false" hits="1"/>
            <line number="53" branch="false" hits="19"/>
            <line number="54" branch="false" hits="19"/>
            <line number="55" branch="false" hits="1"/>
            <line number="56" branch="false" hits="1"/>
            <line number="57" branch="false" hits="1"/>
            <line number="58" branch="false" hits="1"/>
            <line number="59" branch="false" hits="1"/>
            <line number="60" branch="false" hits="0"/>
            <line number="61" branch="false" hits="0"/>
            <line number="62" branch="false" hits="0"/>
            <line number="63" branch="false" hits="1"/>
            <line number="64" branch="false" hits="1"/>
            <line number="65" branch="false" hits="1"/>
            <line number="66" branch="false" hits="1"/>
          </lines>
        </class>
        <class name="TMDbMovie" filename="TMDbFramework/Classes/TMDbMovie.swift" line-rate="1.0000000000000000" branch-rate="1.0000000000000000" complexity="0.0">
          <methods/>
          <lines>
            <line number="29" branch="false" hits="180"/>
            <line number="30" branch="false" hits="180"/>
            <line number="31" branch="false" hits="180"/>
            <line number="32" branch="false" hits="180"/>
            <line number="33" branch="false" hits="180"/>
            <line number="34" branch="false" hits="180"/>
            <line number="35" branch="false" hits="522"/>
            <line number="36" branch="false" hits="180"/>
            <line number="37" branch="false" hits="180"/>
            <line number="38" branch="false" hits="180"/>
            <line number="39" branch="false" hits="180"/>
            <line number="40" branch="false" hits="180"/>
            <line number="41" branch="false" hits="180"/>
            <line number="42" branch="false" hits="180"/>
            <line number="43" branch="false" hits="180"/>
            <line number="44" branch="false" hits="180"/>
            <line number="45" branch="false" hits="180"/>
          </lines>
        </class>
        <class name="TMDbMovieManager" filename="TMDbFramework/Classes/TMDbMovieManager.swift" line-rate="0.9629629629629629" branch-rate="1.0000000000000000" complexity="0.0">
          <methods/>
          <lines>
            <line number="14" branch="false" hits="3"/>
            <line number="15" branch="false" hits="3"/>
            <line number="16" branch="false" hits="3"/>
            <line number="17" branch="false" hits="3"/>
            <line number="18" branch="false" hits="3"/>
            <line number="20" branch="false" hits="3"/>
            <line number="21" branch="false" hits="3"/>
            <line number="22" branch="false" hits="3"/>
            <line number="23" branch="false" hits="3"/>
            <line number="24" branch="false" hits="3"/>
            <line number="26" branch="false" hits="3"/>
            <line number="27" branch="false" hits="3"/>
            <line number="28" branch="false" hits="3"/>
            <line number="29" branch="false" hits="3"/>
            <line number="30" branch="false" hits="3"/>
            <line number="32" branch="false" hits="9"/>
            <line number="33" branch="false" hits="9"/>
            <line number="34" branch="false" hits="9"/>
            <line number="35" branch="false" hits="9"/>
            <line number="36" branch="false" hits="6"/>
            <line number="37" branch="false" hits="6"/>
            <line number="38" branch="false" hits="9"/>
            <line number="39" branch="false" hits="9"/>
            <line number="40" branch="false" hits="9"/>
            <line number="41" branch="false" hits="9"/>
            <line number="42" branch="false" hits="9"/>
            <line number="43" branch="false" hits="9"/>
            <line number="44" branch="false" hits="9"/>
            <line number="45" branch="false" hits="9"/>
            <line number="46" branch="false" hits="9"/>
            <line number="47" branch="false" hits="9"/>
            <line number="48" branch="false" hits="9"/>
            <line number="49" branch="false" hits="9"/>
            <line number="50" branch="false" hits="9"/>
            <line number="51" branch="false" hits="9"/>
            <line number="52" branch="false" hits="9"/>
            <line number="53" branch="false" hits="9"/>
            <line number="54" branch="false" hits="9"/>
            <line number="55" branch="false" hits="9"/>
            <line number="56" branch="false" hits="9"/>
            <line number="57" branch="false" hits="180"/>
            <line number="58" branch="false" hits="180"/>
            <line number="59" branch="false" hits="9"/>
            <line number="60" branch="false" hits="9"/>
            <line number="61" branch="false" hits="9"/>
            <line number="62" branch="false" hits="9"/>
            <line number="63" branch="false" hits="9"/>
            <line number="64" branch="false" hits="9"/>
            <line number="65" branch="false" hits="0"/>
            <line number="66" branch="false" hits="0"/>
            <line number="67" branch="false" hits="9"/>
            <line number="68" branch="false" hits="9"/>
            <line number="69" branch="false" hits="9"/>
            <line number="70" branch="false" hits="9"/>
          </lines>
        </class>
        <class name="TMDbUtils" filename="TMDbFramework/Classes/TMDbUtils.swift" line-rate="1.0000000000000000" branch-rate="1.0000000000000000" complexity="0.0">
          <methods/>
          <lines>
            <line number="13" branch="false" hits="10"/>
            <line number="14" branch="false" hits="10"/>
            <line number="15" branch="false" hits="10"/>
            <line number="16" branch="false" hits="10"/>
            <line number="17" branch="false" hits="9"/>
            <line number="18" branch="false" hits="9"/>
            <line number="19" branch="false" hits="10"/>
            <line number="20" branch="false" hits="10"/>
            <line number="21" branch="false" hits="10"/>
            <line number="22" branch="false" hits="10"/>
          </lines>
        </class>
      </classes>
    </package>
  </packages>
</coverage>
